<?xml version="1.0" encoding="UTF-8" ?>
<testsuites>
<testsuite name="or specs" errors="0" tests="0" failures="0" time="0" timestamp="2014-07-01T14:04:46">
</testsuite>
<testsuite name="or specs.when one spec is met" errors="0" tests="1" failures="0" time="0" timestamp="2014-07-01T14:04:46">
  <testcase classname="or specs.when one spec is met" name="should be satisfied" time="0"></testcase>
</testsuite>
<testsuite name="or specs.when the other spec is met" errors="0" tests="1" failures="0" time="0" timestamp="2014-07-01T14:04:46">
  <testcase classname="or specs.when the other spec is met" name="should be satisfied" time="0"></testcase>
</testsuite>
<testsuite name="or specs.when neither spec is met" errors="0" tests="1" failures="0" time="0" timestamp="2014-07-01T14:04:46">
  <testcase classname="or specs.when neither spec is met" name="should not be satisfied" time="0"></testcase>
</testsuite>
</testsuites>