<?xml version="1.0" encoding="UTF-8" ?>
<testsuites>
<testsuite name="simple spec" errors="0" tests="0" failures="0" time="0" timestamp="2014-07-01T14:04:46">
</testsuite>
<testsuite name="simple spec.when spec is met" errors="0" tests="1" failures="0" time="0" timestamp="2014-07-01T14:04:46">
  <testcase classname="simple spec.when spec is met" name="should be satisfied" time="0"></testcase>
</testsuite>
<testsuite name="simple spec.when spec is not met" errors="0" tests="1" failures="0" time="0" timestamp="2014-07-01T14:04:46">
  <testcase classname="simple spec.when spec is not met" name="should not be satisfied" time="0"></testcase>
</testsuite>
</testsuites>