<?xml version="1.0" encoding="UTF-8" ?>
<testsuites>
<testsuite name="and specs" errors="0" tests="0" failures="0" time="0" timestamp="2014-07-01T14:04:46">
</testsuite>
<testsuite name="and specs.when specification is met" errors="0" tests="1" failures="0" time="0.003" timestamp="2014-07-01T14:04:46">
  <testcase classname="and specs.when specification is met" name="should be satisfied" time="0.002"></testcase>
</testsuite>
<testsuite name="and specs.when specification is not met" errors="0" tests="1" failures="0" time="0.001" timestamp="2014-07-01T14:04:46">
  <testcase classname="and specs.when specification is not met" name="should not be satisfied" time="0.001"></testcase>
</testsuite>
</testsuites>